This file contains any messages produced by compilers while
running configure, to aid debugging if configure makes a mistake.

cc -o conftest conftest.c
cc -o conftest conftest.c
configure(889) : warning C4013: 'exit' undefined; assuming extern returning int
configure(889) : warning C4035: 'main' : no return value
cc -E
cc -o conftest conftest.c -ltermlib
conftest.i
configure(1661) : warning C4013: 'tgetent' undefined; assuming extern returning int
cc: termlib: library not found
cc -o conftest conftest.c -ltermcap
conftest.i
configure(1697) : warning C4013: 'tgetent' undefined; assuming extern returning int
cc: termcap: library not found
cc -E -I$(srcdir)/curses
cc -E -I$(srcdir)/curses
cc -E -I$(srcdir)/curses
cc -E -I$(srcdir)/curses
cc -E -I$(srcdir)/curses
cc -o conftest -I$(srcdir)/curses conftest.c
configure(1875) : warning C4013: 'exit' undefined; assuming extern returning int
configure(1876) : warning C4035: 'main' : no return value
cc -E -I$(srcdir)/curses
cc -c -I$(srcdir)/curses conftest.c
configure(1944) : error C2065: 'bogus' : undeclared identifier
configure(1944) : error C2146: syntax error : missing ';' before identifier 'endian'
configure(1944) : error C2065: 'endian' : undeclared identifier
configure(1944) : error C2146: syntax error : missing ';' before identifier 'macros'
configure(1946) : error C2065: 'macros' : undeclared identifier
cc -o conftest -I$(srcdir)/curses conftest.c
configure(1991) : warning C4013: 'exit' undefined; assuming extern returning int
configure(1992) : warning C4035: 'main' : no return value
cc -c -I$(srcdir)/curses conftest.c
configure(2066) : warning C4101: 'x' : unreferenced local variable
cc -c -I$(srcdir)/curses conftest.c
cc -E -I$(srcdir)/curses
cc -E -I$(srcdir)/curses
cc -E -I$(srcdir)/curses
cc -E -I$(srcdir)/curses
cc -c -I$(srcdir)/curses conftest.c
cc -o conftest -I$(srcdir)/curses conftest.c
cc -o conftest -I$(srcdir)/curses conftest.c
cc -o conftest -I$(srcdir)/curses conftest.c
cc -o conftest -I$(srcdir)/curses conftest.c
cc -o conftest -I$(srcdir)/curses conftest.c
cc -o conftest -I$(srcdir)/curses conftest.c
cc -o conftest -I$(srcdir)/curses conftest.c
cc -o conftest -I$(srcdir)/curses conftest.c
cc -o conftest -I$(srcdir)/curses conftest.c
cc -o conftest -I$(srcdir)/curses conftest.c
cc -o conftest -I$(srcdir)/curses conftest.c
cc -o conftest -I$(srcdir)/curses conftest.c
cc -o conftest -I$(srcdir)/curses conftest.c
cc -o conftest -I$(srcdir)/curses conftest.c
cc -o conftest -I$(srcdir)/curses conftest.c
cc -o conftest -I$(srcdir)/curses conftest.c
cc -o conftest -I$(srcdir)/curses conftest.c
cc -o conftest -I$(srcdir)/curses conftest.c
cc -o conftest -I$(srcdir)/curses conftest.c
cc -o conftest -I$(srcdir)/curses conftest.c
cc -o conftest -I$(srcdir)/curses conftest.c
cc -o conftest -I$(srcdir)/curses conftest.c
cc -E -I$(srcdir)/curses
cc -o conftest -I$(srcdir)/curses conftest.c
configure(3047) : warning C4013: 'getpid' undefined; assuming extern returning int
configure(3048) : warning C4013: 'write' undefined; assuming extern returning int
configure(3049) : warning C4013: '_exit' undefined; assuming extern returning int
configure(3052) : warning C4035: 'sparc_address_test' : no return value
configure(3086) : warning C4013: 'close' undefined; assuming extern returning int
configure(3091) : warning C4013: 'wait' undefined; assuming extern returning int
configure(3093) : warning C4013: 'exit' undefined; assuming extern returning int
configure(3107) : warning C4035: 'main' : no return value
cc -o conftest -I$(srcdir)/curses conftest.c
configure(3151) : warning C4013: 'flock' undefined; assuming extern returning int
cc -o conftest -I$(srcdir)/curses conftest.c
cc -o conftest -I$(srcdir)/curses conftest.c
conftest.o : error LNK2001: unresolved external symbol _tigetstr
conftest.exe : fatal error LNK1120: 1 unresolved externals
cc -o conftest -I$(srcdir)/curses conftest.c
conftest.o : error LNK2001: unresolved external symbol _setupterm
conftest.exe : fatal error LNK1120: 1 unresolved externals
cc -o conftest -I$(srcdir)/curses conftest.c
cc -o conftest -I$(srcdir)/curses conftest.c
configure(3576) : warning C4013: 'grantpt' undefined; assuming extern returning int
cc -o conftest -I$(srcdir)/curses conftest.c
configure(3608) : warning C4013: 'revoke' undefined; assuming extern returning int
cc -o conftest -I$(srcdir)/curses conftest.c
configure(3640) : warning C4013: 'exit' undefined; assuming extern returning int
configure(3640) : warning C4013: 'sprintf' undefined; assuming extern returning int
configure(3640) : warning C4035: 'main' : no return value
cc -c -I$(srcdir)/regex -I$(srcdir)/db/include -I$(srcdir)/curses conftest.c
configure(3708) : warning C4101: 'foo' : unreferenced local variable
cc -c -I$(srcdir)/regex -I$(srcdir)/db/include -I$(srcdir)/curses conftest.c
configure(3738) : warning C4101: 'foo' : unreferenced local variable
cc -c -I$(srcdir)/regex -I$(srcdir)/db/include -I$(srcdir)/curses conftest.c
configure(3768) : warning C4101: 'foo' : unreferenced local variable
cc -c -I$(srcdir)/regex -I$(srcdir)/db/include -I$(srcdir)/curses conftest.c
configure(3798) : warning C4101: 'foo' : unreferenced local variable
cc -c -I$(srcdir)/regex -I$(srcdir)/db/include -I$(srcdir)/curses conftest.c
configure(3827) : error C2065: 'u_int8_t' : undeclared identifier
configure(3827) : error C2146: syntax error : missing ';' before identifier 'foo'
configure(3827) : error C2065: 'foo' : undeclared identifier
cc -o conftest -I$(srcdir)/regex -I$(srcdir)/db/include -I$(srcdir)/curses conftest.c
configure(3841) : warning C4013: 'exit' undefined; assuming extern returning int
configure(3841) : warning C4035: 'main' : no return value
cc -c -I$(srcdir)/regex -I$(srcdir)/db/include -I$(srcdir)/curses conftest.c
configure(3877) : error C2065: 'u_int16_t' : undeclared identifier
configure(3877) : error C2146: syntax error : missing ';' before identifier 'foo'
configure(3877) : error C2065: 'foo' : undeclared identifier
cc -o conftest -I$(srcdir)/regex -I$(srcdir)/db/include -I$(srcdir)/curses conftest.c
configure(3891) : warning C4013: 'exit' undefined; assuming extern returning int
configure(3891) : warning C4035: 'main' : no return value
cc -c -I$(srcdir)/regex -I$(srcdir)/db/include -I$(srcdir)/curses conftest.c
configure(3942) : error C2065: 'int16_t' : undeclared identifier
configure(3942) : error C2146: syntax error : missing ';' before identifier 'foo'
configure(3942) : error C2065: 'foo' : undeclared identifier
cc -o conftest -I$(srcdir)/regex -I$(srcdir)/db/include -I$(srcdir)/curses conftest.c
configure(3956) : warning C4013: 'exit' undefined; assuming extern returning int
configure(3956) : warning C4035: 'main' : no return value
cc -c -I$(srcdir)/regex -I$(srcdir)/db/include -I$(srcdir)/curses conftest.c
configure(4007) : error C2065: 'u_int32_t' : undeclared identifier
configure(4007) : error C2146: syntax error : missing ';' before identifier 'foo'
configure(4007) : error C2065: 'foo' : undeclared identifier
cc -o conftest -I$(srcdir)/regex -I$(srcdir)/db/include -I$(srcdir)/curses conftest.c
configure(4021) : warning C4013: 'exit' undefined; assuming extern returning int
configure(4021) : warning C4035: 'main' : no return value
cc -c -I$(srcdir)/regex -I$(srcdir)/db/include -I$(srcdir)/curses conftest.c
configure(4072) : error C2065: 'int32_t' : undeclared identifier
configure(4072) : error C2146: syntax error : missing ';' before identifier 'foo'
configure(4072) : error C2065: 'foo' : undeclared identifier
cc -o conftest -I$(srcdir)/regex -I$(srcdir)/db/include -I$(srcdir)/curses conftest.c
configure(4086) : warning C4013: 'exit' undefined; assuming extern returning int
configure(4086) : warning C4035: 'main' : no return value
